TN:
SF:/home/heng/workdir/doca/three_port_switch/test_three_port_switch.c
FN:120,156,init_test_switch
FN:161,177,test_mac_learning
FN:182,199,test_mac_lookup
FN:204,221,test_vlan_pcp_mapping
FN:226,241,test_dscp_mapping
FN:246,262,test_qos_stats
FN:267,280,test_rss_config
FN:285,309,test_rss_distribution
FN:314,329,test_hairpin_config
FN:351,367,test_port_stats
FN:372,391,test_multi_port_forwarding
FN:396,417,test_qos_priority
FN:422,444,test_rss_with_qos
FN:449,474,test_mac_aging
FN:479,498,test_broadcast
FN:503,524,test_queue_overflow
FN:529,557,test_performance
FN:562,634,main
FNDA:17,init_test_switch
FNDA:1,test_mac_learning
FNDA:1,test_mac_lookup
FNDA:1,test_vlan_pcp_mapping
FNDA:1,test_dscp_mapping
FNDA:1,test_qos_stats
FNDA:1,test_rss_config
FNDA:1,test_rss_distribution
FNDA:1,test_hairpin_config
FNDA:1,test_port_stats
FNDA:1,test_multi_port_forwarding
FNDA:1,test_qos_priority
FNDA:1,test_rss_with_qos
FNDA:1,test_mac_aging
FNDA:1,test_broadcast
FNDA:1,test_queue_overflow
FNDA:1,test_performance
FNDA:1,main
FNF:18
FNH:18
DA:120,17
DA:122,17
DA:123,17
DA:126,68
DA:127,51
DA:130,459
DA:131,408
DA:135,3315
DA:136,3264
DA:141,68
DA:142,51
DA:143,255
DA:144,204
DA:149,68
DA:150,51
DA:151,153
DA:152,102
DA:153,102
DA:156,17
DA:161,1
DA:163,1
DA:166,1
DA:167,1
DA:168,1
DA:169,1
DA:170,1
DA:172,1
DA:173,1
DA:174,1
DA:182,1
DA:184,1
DA:187,6
DA:188,5
DA:189,5
DA:190,5
DA:194,1
DA:195,1
DA:196,1
DA:204,1
DA:206,1
DA:209,9
DA:210,8
DA:214,1
DA:215,1
DA:217,1
DA:218,1
DA:226,1
DA:228,1
DA:231,1
DA:232,1
DA:233,1
DA:234,1
DA:237,1
DA:238,1
DA:246,1
DA:248,1
DA:251,1
DA:252,1
DA:253,1
DA:254,1
DA:255,1
DA:257,1
DA:258,1
DA:259,1
DA:267,1
DA:269,1
DA:272,1
DA:275,5
DA:276,4
DA:285,1
DA:287,1
DA:289,1
DA:292,1001
DA:293,1000
DA:294,1000
DA:295,1000
DA:300,5
DA:301,4
DA:302,4
DA:306,1
DA:314,1
DA:316,1
DA:319,1
DA:322,3
DA:323,2
DA:324,2
DA:334,1
DA:336,1
DA:339,1
DA:340,1
DA:342,1
DA:343,1
DA:351,1
DA:353,1
DA:356,1
DA:357,1
DA:358,1
DA:359,1
DA:360,1
DA:362,1
DA:363,1
DA:364,1
DA:372,1
DA:374,1
DA:377,4
DA:378,3
DA:379,3
DA:380,3
DA:381,3
DA:385,4
DA:386,3
DA:387,3
DA:396,1
DA:398,1
DA:401,101
DA:403,100
DA:404,70
DA:407,100
DA:408,10
DA:412,1
DA:422,1
DA:424,1
DA:427,101
DA:428,100
DA:429,100
DA:430,100
DA:432,100
DA:437,9
DA:438,8
DA:441,1
DA:449,1
DA:451,1
DA:453,1
DA:456,1
DA:457,1
DA:459,1
DA:460,1
DA:463,1
DA:464,257
DA:465,256
DA:466,2
DA:467,1
DA:471,1
DA:479,1
DA:481,1
DA:483,1
DA:486,1
DA:487,4
DA:488,3
DA:489,2
DA:493,1
DA:494,1
DA:495,1
DA:503,1
DA:505,1
DA:508,1
DA:511,11
DA:512,10
DA:513,4
DA:514,4
DA:516,6
DA:520,1
DA:521,1
DA:529,1
DA:531,1
DA:533,1
DA:536,10001
DA:538,10000
DA:539,10000
DA:542,10000
DA:543,10000
DA:546,10000
DA:547,10000
DA:550,1
DA:551,1
DA:553,1
DA:554,1
DA:556,1
DA:562,1
DA:564,1
DA:565,1
DA:566,1
DA:567,1
DA:570,1
DA:571,1
DA:572,1
DA:573,1
DA:574,1
DA:575,1
DA:576,1
DA:579,1
DA:580,1
DA:581,1
DA:582,1
DA:583,1
DA:584,1
DA:585,1
DA:588,1
DA:589,1
DA:590,1
DA:591,1
DA:594,1
DA:595,1
DA:596,1
DA:597,1
DA:600,1
DA:601,1
DA:602,1
DA:603,1
DA:606,1
DA:607,1
DA:608,1
DA:611,1
DA:612,1
DA:613,1
DA:614,1
DA:615,2
DA:616,1
DA:617,2
DA:618,1
DA:619,1
DA:622,1
DA:623,1
DA:624,1
DA:625,1
DA:626,1
DA:627,1
DA:628,1
DA:629,1
DA:630,1
DA:631,1
DA:633,1
LF:232
LH:232
end_of_record
